<?xml version="1.0" encoding="UTF-8"?>
<!-- Generated by org.testng.reporters.JUnitReportReporter -->
<testsuite hostname="ETGLENLT30-PC" failures="0" tests="2" name="TestScripts.AddProductFamilyPicklistValues" time="106.311" errors="2" timestamp="2024-04-15T17:02:54 IST" skipped="0">
  <testcase classname="TestScripts.AddProductFamilyPicklistValues" name="picklist" time="106.309">
    <error message="Error {
  message=&#039;Target closed
  name=&#039;Error
  stack=&#039;Error: Target closed
    at CRSession.send (C:\Users\UPENDR~1\AppData\Local\Temp\playwright-java-15192000524418058082\package\lib\server\chromium\crConnection.js:196:34)
    at CRExecutionContext.evaluateWithArguments (C:\Users\UPENDR~1\AppData\Local\Temp\playwright-java-15192000524418058082\package\lib\server\chromium\crExecutionContext.js:89:28)
    at FrameExecutionContext.evaluateWithArguments (C:\Users\UPENDR~1\AppData\Local\Temp\playwright-java-15192000524418058082\package\lib\server\javascript.js:73:61)
    at evaluateExpression (C:\Users\UPENDR~1\AppData\Local\Temp\playwright-java-15192000524418058082\package\lib\server\javascript.js:263:26)
    at async Selectors.query (C:\Users\UPENDR~1\AppData\Local\Temp\playwright-java-15192000524418058082\package\lib\server\selectors.js:58:20)
    at async Frame.resolveFrameForSelectorNoWait (C:\Users\UPENDR~1\AppData\Local\Temp\playwright-java-15192000524418058082\package\lib\server\frames.js:1616:23)
    at async Frame.evalOnSelectorAllAndWaitForSignals (C:\Users\UPENDR~1\AppData\Local\Temp\playwright-java-15192000524418058082\package\lib\server\frames.js:815:18)
    at async FrameDispatcher.evalOnSelectorAll (C:\Users\UPENDR~1\AppData\Local\Temp\playwright-java-15192000524418058082\package\lib\dispatchers\frameDispatcher.js:119:55)
    at async DispatcherConnection.dispatch (C:\Users\UPENDR~1\AppData\Local\Temp\playwright-java-15192000524418058082\package\lib\dispatchers\dispatcher.js:352:22)
}" type="com.microsoft.playwright.PlaywrightException">
      <![CDATA[com.microsoft.playwright.PlaywrightException: Error {
  message='Target closed
  name='Error
  stack='Error: Target closed
    at CRSession.send (C:\Users\UPENDR~1\AppData\Local\Temp\playwright-java-15192000524418058082\package\lib\server\chromium\crConnection.js:196:34)
    at CRExecutionContext.evaluateWithArguments (C:\Users\UPENDR~1\AppData\Local\Temp\playwright-java-15192000524418058082\package\lib\server\chromium\crExecutionContext.js:89:28)
    at FrameExecutionContext.evaluateWithArguments (C:\Users\UPENDR~1\AppData\Local\Temp\playwright-java-15192000524418058082\package\lib\server\javascript.js:73:61)
    at evaluateExpression (C:\Users\UPENDR~1\AppData\Local\Temp\playwright-java-15192000524418058082\package\lib\server\javascript.js:263:26)
    at async Selectors.query (C:\Users\UPENDR~1\AppData\Local\Temp\playwright-java-15192000524418058082\package\lib\server\selectors.js:58:20)
    at async Frame.resolveFrameForSelectorNoWait (C:\Users\UPENDR~1\AppData\Local\Temp\playwright-java-15192000524418058082\package\lib\server\frames.js:1616:23)
    at async Frame.evalOnSelectorAllAndWaitForSignals (C:\Users\UPENDR~1\AppData\Local\Temp\playwright-java-15192000524418058082\package\lib\server\frames.js:815:18)
    at async FrameDispatcher.evalOnSelectorAll (C:\Users\UPENDR~1\AppData\Local\Temp\playwright-java-15192000524418058082\package\lib\dispatchers\frameDispatcher.js:119:55)
    at async DispatcherConnection.dispatch (C:\Users\UPENDR~1\AppData\Local\Temp\playwright-java-15192000524418058082\package\lib\dispatchers\dispatcher.js:352:22)
}
at com.microsoft.playwright.impl.WaitableResult.get(WaitableResult.java:54)
at com.microsoft.playwright.impl.ChannelOwner.runUntil(ChannelOwner.java:103)
at com.microsoft.playwright.impl.Connection.sendMessage(Connection.java:115)
at com.microsoft.playwright.impl.ChannelOwner.sendMessage(ChannelOwner.java:94)
at com.microsoft.playwright.impl.FrameImpl.evalOnSelectorAllImpl(FrameImpl.java:168)
at com.microsoft.playwright.impl.FrameImpl.lambda$evalOnSelectorAll$5(FrameImpl.java:160)
at com.microsoft.playwright.impl.LoggingSupport.withLogging(LoggingSupport.java:47)
at com.microsoft.playwright.impl.ChannelOwner.withLogging(ChannelOwner.java:79)
at com.microsoft.playwright.impl.FrameImpl.evalOnSelectorAll(FrameImpl.java:160)
at com.microsoft.playwright.impl.LocatorImpl.evaluateAll(LocatorImpl.java:122)
at com.microsoft.playwright.Locator.evaluateAll(Locator.java:1774)
at com.microsoft.playwright.impl.LocatorImpl.count(LocatorImpl.java:80)
at functionality.Actions.findTheFrmaAndElementElementPresent(Actions.java:149)
at TestScripts.AddProductFamilyPicklistValues.picklist(AddProductFamilyPicklistValues.java:34)
at java.base/jdk.internal.reflect.DirectMethodHandleAccessor.invoke(DirectMethodHandleAccessor.java:104)
at java.base/java.lang.reflect.Method.invoke(Method.java:578)
at org.testng.internal.MethodInvocationHelper.invokeMethod(MethodInvocationHelper.java:133)
at org.testng.internal.TestInvoker.invokeMethod(TestInvoker.java:598)
at org.testng.internal.TestInvoker.invokeTestMethod(TestInvoker.java:173)
at org.testng.internal.MethodRunner.runInSequence(MethodRunner.java:46)
at org.testng.internal.TestInvoker$MethodInvocationAgent.invoke(TestInvoker.java:824)
at org.testng.internal.TestInvoker.invokeTestMethods(TestInvoker.java:146)
at org.testng.internal.TestMethodWorker.invokeTestMethods(TestMethodWorker.java:146)
at org.testng.internal.TestMethodWorker.run(TestMethodWorker.java:128)
at java.base/java.util.ArrayList.forEach(ArrayList.java:1511)
at org.testng.TestRunner.privateRun(TestRunner.java:794)
at org.testng.TestRunner.run(TestRunner.java:596)
at org.testng.SuiteRunner.runTest(SuiteRunner.java:377)
at org.testng.SuiteRunner.runSequentially(SuiteRunner.java:371)
at org.testng.SuiteRunner.privateRun(SuiteRunner.java:332)
at org.testng.SuiteRunner.run(SuiteRunner.java:276)
at org.testng.SuiteRunnerWorker.runSuite(SuiteRunnerWorker.java:53)
at org.testng.SuiteRunnerWorker.run(SuiteRunnerWorker.java:96)
at org.testng.TestNG.runSuitesSequentially(TestNG.java:1212)
at org.testng.TestNG.runSuitesLocally(TestNG.java:1134)
at org.testng.TestNG.runSuites(TestNG.java:1063)
at org.testng.TestNG.run(TestNG.java:1031)
at org.testng.remote.AbstractRemoteTestNG.run(AbstractRemoteTestNG.java:115)
at org.testng.remote.RemoteTestNG.initAndRun(RemoteTestNG.java:251)
at org.testng.remote.RemoteTestNG.main(RemoteTestNG.java:77)
Caused by: com.microsoft.playwright.impl.DriverException: Error {
  message='Target closed
  name='Error
  stack='Error: Target closed
    at CRSession.send (C:\Users\UPENDR~1\AppData\Local\Temp\playwright-java-15192000524418058082\package\lib\server\chromium\crConnection.js:196:34)
    at CRExecutionContext.evaluateWithArguments (C:\Users\UPENDR~1\AppData\Local\Temp\playwright-java-15192000524418058082\package\lib\server\chromium\crExecutionContext.js:89:28)
    at FrameExecutionContext.evaluateWithArguments (C:\Users\UPENDR~1\AppData\Local\Temp\playwright-java-15192000524418058082\package\lib\server\javascript.js:73:61)
    at evaluateExpression (C:\Users\UPENDR~1\AppData\Local\Temp\playwright-java-15192000524418058082\package\lib\server\javascript.js:263:26)
    at async Selectors.query (C:\Users\UPENDR~1\AppData\Local\Temp\playwright-java-15192000524418058082\package\lib\server\selectors.js:58:20)
    at async Frame.resolveFrameForSelectorNoWait (C:\Users\UPENDR~1\AppData\Local\Temp\playwright-java-15192000524418058082\package\lib\server\frames.js:1616:23)
    at async Frame.evalOnSelectorAllAndWaitForSignals (C:\Users\UPENDR~1\AppData\Local\Temp\playwright-java-15192000524418058082\package\lib\server\frames.js:815:18)
    at async FrameDispatcher.evalOnSelectorAll (C:\Users\UPENDR~1\AppData\Local\Temp\playwright-java-15192000524418058082\package\lib\dispatchers\frameDispatcher.js:119:55)
    at async DispatcherConnection.dispatch (C:\Users\UPENDR~1\AppData\Local\Temp\playwright-java-15192000524418058082\package\lib\dispatchers\dispatcher.js:352:22)
}
at com.microsoft.playwright.impl.Connection.dispatch(Connection.java:228)
at com.microsoft.playwright.impl.Connection.processOneMessage(Connection.java:208)
at com.microsoft.playwright.impl.ChannelOwner.runUntil(ChannelOwner.java:101)
... 38 more
]]>
    </error>
  </testcase> <!-- picklist -->
  <system-out/>
  <testcase classname="TestScripts.AddProductFamilyPicklistValues" name="afterMethod" time="0.002">
    <error message="Error {
  message=&#039;Target page, context or browser has been closed
  name=&#039;Error
  stack=&#039;Error: Target page, context or browser has been closed
    at DispatcherConnection.dispatch (C:\Users\UPENDR~1\AppData\Local\Temp\playwright-java-15192000524418058082\package\lib\dispatchers\dispatcher.js:248:49)
    at Transport.transport.onmessage (C:\Users\UPENDR~1\AppData\Local\Temp\playwright-java-15192000524418058082\package\lib\cli\driver.js:65:57)
    at Immediate._onImmediate (C:\Users\UPENDR~1\AppData\Local\Temp\playwright-java-15192000524418058082\package\lib\protocol\transport.js:89:34)
    at processImmediate (node:internal/timers:464:21)
}" type="com.microsoft.playwright.PlaywrightException">
      <![CDATA[com.microsoft.playwright.PlaywrightException: Error {
  message='Target page, context or browser has been closed
  name='Error
  stack='Error: Target page, context or browser has been closed
    at DispatcherConnection.dispatch (C:\Users\UPENDR~1\AppData\Local\Temp\playwright-java-15192000524418058082\package\lib\dispatchers\dispatcher.js:248:49)
    at Transport.transport.onmessage (C:\Users\UPENDR~1\AppData\Local\Temp\playwright-java-15192000524418058082\package\lib\cli\driver.js:65:57)
    at Immediate._onImmediate (C:\Users\UPENDR~1\AppData\Local\Temp\playwright-java-15192000524418058082\package\lib\protocol\transport.js:89:34)
    at processImmediate (node:internal/timers:464:21)
}
at com.microsoft.playwright.impl.WaitableResult.get(WaitableResult.java:54)
at com.microsoft.playwright.impl.ChannelOwner.runUntil(ChannelOwner.java:103)
at com.microsoft.playwright.impl.Connection.sendMessage(Connection.java:115)
at com.microsoft.playwright.impl.ChannelOwner.sendMessage(ChannelOwner.java:94)
at com.microsoft.playwright.impl.PageImpl.screenshotImpl(PageImpl.java:1035)
at com.microsoft.playwright.impl.PageImpl.lambda$screenshot$49(PageImpl.java:984)
at com.microsoft.playwright.impl.LoggingSupport.withLogging(LoggingSupport.java:47)
at com.microsoft.playwright.impl.ChannelOwner.withLogging(ChannelOwner.java:79)
at com.microsoft.playwright.impl.PageImpl.screenshot(PageImpl.java:984)
at baseClass.baseClass.afterMethod(baseClass.java:120)
at java.base/jdk.internal.reflect.DirectMethodHandleAccessor.invoke(DirectMethodHandleAccessor.java:104)
at java.base/java.lang.reflect.Method.invoke(Method.java:578)
at org.testng.internal.MethodInvocationHelper.invokeMethod(MethodInvocationHelper.java:133)
at org.testng.internal.MethodInvocationHelper.invokeMethodConsideringTimeout(MethodInvocationHelper.java:62)
at org.testng.internal.ConfigInvoker.invokeConfigurationMethod(ConfigInvoker.java:385)
at org.testng.internal.ConfigInvoker.invokeConfigurations(ConfigInvoker.java:321)
at org.testng.internal.TestInvoker.runConfigMethods(TestInvoker.java:700)
at org.testng.internal.TestInvoker.runAfterGroupsConfigurations(TestInvoker.java:676)
at org.testng.internal.TestInvoker.invokeMethod(TestInvoker.java:660)
at org.testng.internal.TestInvoker.invokeTestMethod(TestInvoker.java:173)
at org.testng.internal.MethodRunner.runInSequence(MethodRunner.java:46)
at org.testng.internal.TestInvoker$MethodInvocationAgent.invoke(TestInvoker.java:824)
at org.testng.internal.TestInvoker.invokeTestMethods(TestInvoker.java:146)
at org.testng.internal.TestMethodWorker.invokeTestMethods(TestMethodWorker.java:146)
at org.testng.internal.TestMethodWorker.run(TestMethodWorker.java:128)
at java.base/java.util.ArrayList.forEach(ArrayList.java:1511)
at org.testng.TestRunner.privateRun(TestRunner.java:794)
at org.testng.TestRunner.run(TestRunner.java:596)
at org.testng.SuiteRunner.runTest(SuiteRunner.java:377)
at org.testng.SuiteRunner.runSequentially(SuiteRunner.java:371)
at org.testng.SuiteRunner.privateRun(SuiteRunner.java:332)
at org.testng.SuiteRunner.run(SuiteRunner.java:276)
at org.testng.SuiteRunnerWorker.runSuite(SuiteRunnerWorker.java:53)
at org.testng.SuiteRunnerWorker.run(SuiteRunnerWorker.java:96)
at org.testng.TestNG.runSuitesSequentially(TestNG.java:1212)
at org.testng.TestNG.runSuitesLocally(TestNG.java:1134)
at org.testng.TestNG.runSuites(TestNG.java:1063)
at org.testng.TestNG.run(TestNG.java:1031)
at org.testng.remote.AbstractRemoteTestNG.run(AbstractRemoteTestNG.java:115)
at org.testng.remote.RemoteTestNG.initAndRun(RemoteTestNG.java:251)
at org.testng.remote.RemoteTestNG.main(RemoteTestNG.java:77)
Caused by: com.microsoft.playwright.impl.DriverException: Error {
  message='Target page, context or browser has been closed
  name='Error
  stack='Error: Target page, context or browser has been closed
    at DispatcherConnection.dispatch (C:\Users\UPENDR~1\AppData\Local\Temp\playwright-java-15192000524418058082\package\lib\dispatchers\dispatcher.js:248:49)
    at Transport.transport.onmessage (C:\Users\UPENDR~1\AppData\Local\Temp\playwright-java-15192000524418058082\package\lib\cli\driver.js:65:57)
    at Immediate._onImmediate (C:\Users\UPENDR~1\AppData\Local\Temp\playwright-java-15192000524418058082\package\lib\protocol\transport.js:89:34)
    at processImmediate (node:internal/timers:464:21)
}
at com.microsoft.playwright.impl.Connection.dispatch(Connection.java:228)
at com.microsoft.playwright.impl.Connection.processOneMessage(Connection.java:208)
at com.microsoft.playwright.impl.ChannelOwner.runUntil(ChannelOwner.java:101)
... 39 more
]]>
    </error>
  </testcase> <!-- afterMethod -->
  <system-out/>
</testsuite> <!-- TestScripts.AddProductFamilyPicklistValues -->
